Replace Part C? C0603C391J5GACTU in C:\Users\Seth\Documents\Altium Projects\Hydrophones DAQ\ADC.SchDoc with C0603C391J5GACTU from DAQ.SchLib
Replace Part C? C0603C562J5GACTU in C:\Users\Seth\Documents\Altium Projects\Hydrophones DAQ\ADC.SchDoc with C0603C562J5GACTU from DAQ.SchLib
Replace Part C? VJ0603Y104JXJCW1BC in C:\Users\Seth\Documents\Altium Projects\Hydrophones DAQ\ADC.SchDoc with VJ0603Y104JXJCW1BC from DAQ.SchLib
Replace Part C? GCM21BR71A106KE22K in C:\Users\Seth\Documents\Altium Projects\Hydrophones DAQ\ADC.SchDoc with GCM21BR71A106KE22K from DAQ.SchLib
Replace Part C? VJ0603Y104JXJCW1BC in C:\Users\Seth\Documents\Altium Projects\Hydrophones DAQ\ADC.SchDoc with VJ0603Y104JXJCW1BC from DAQ.SchLib
Replace Part C? GCM21BR71A106KE22K in C:\Users\Seth\Documents\Altium Projects\Hydrophones DAQ\ADC.SchDoc with GCM21BR71A106KE22K from DAQ.SchLib
Replace Part C? VJ0603Y104JXJCW1BC in C:\Users\Seth\Documents\Altium Projects\Hydrophones DAQ\ADC.SchDoc with VJ0603Y104JXJCW1BC from DAQ.SchLib
Replace Part C? GCM21BR71A106KE22K in C:\Users\Seth\Documents\Altium Projects\Hydrophones DAQ\ADC.SchDoc with GCM21BR71A106KE22K from DAQ.SchLib
Replace Part C? VJ0603Y104JXJCW1BC in C:\Users\Seth\Documents\Altium Projects\Hydrophones DAQ\ADC.SchDoc with VJ0603Y104JXJCW1BC from DAQ.SchLib
Replace Part C? GCM21BR71A106KE22K in C:\Users\Seth\Documents\Altium Projects\Hydrophones DAQ\ADC.SchDoc with GCM21BR71A106KE22K from DAQ.SchLib
Replace Part C? VJ0603Y104JXJCW1BC in C:\Users\Seth\Documents\Altium Projects\Hydrophones DAQ\ADC.SchDoc with VJ0603Y104JXJCW1BC from DAQ.SchLib
Replace Part C? GCM21BR71A106KE22K in C:\Users\Seth\Documents\Altium Projects\Hydrophones DAQ\ADC.SchDoc with GCM21BR71A106KE22K from DAQ.SchLib
Replace Part C? GCM21BR71A106KE22K in C:\Users\Seth\Documents\Altium Projects\Hydrophones DAQ\ADC.SchDoc with GCM21BR71A106KE22K from DAQ.SchLib
Replace Part C? VJ0603Y104JXJCW1BC in C:\Users\Seth\Documents\Altium Projects\Hydrophones DAQ\ADC.SchDoc with VJ0603Y104JXJCW1BC from DAQ.SchLib
Replace Part C? VJ0603Y104JXJCW1BC in C:\Users\Seth\Documents\Altium Projects\Hydrophones DAQ\ADC.SchDoc with VJ0603Y104JXJCW1BC from DAQ.SchLib
Replace Part C? VJ0603Y104JXJCW1BC in C:\Users\Seth\Documents\Altium Projects\Hydrophones DAQ\ADC.SchDoc with VJ0603Y104JXJCW1BC from DAQ.SchLib
Replace Part C? GCM21BR71A106KE22K in C:\Users\Seth\Documents\Altium Projects\Hydrophones DAQ\ADC.SchDoc with GCM21BR71A106KE22K from DAQ.SchLib
Replace Part C? VJ0805Y474JXJTW1BC in C:\Users\Seth\Documents\Altium Projects\Hydrophones DAQ\ADC.SchDoc with VJ0805Y474JXJTW1BC from DAQ.SchLib
Replace Part C? VJ0805Y474JXJTW1BC in C:\Users\Seth\Documents\Altium Projects\Hydrophones DAQ\ADC.SchDoc with VJ0805Y474JXJTW1BC from DAQ.SchLib
Replace Part R? TNPW06031K00BEEA in C:\Users\Seth\Documents\Altium Projects\Hydrophones DAQ\ADC.SchDoc with TNPW06031K00BEEA from DAQ.SchLib
Replace Part U2 ADI-ADAR7251-CS-48-1 in C:\Users\Seth\Documents\Altium Projects\Hydrophones DAQ\ADC.SchDoc with ADI-ADAR7251-CS-48-1 from Altium Content Vault
Replace Part U2 ADI-ADAR7251-CS-48-1 in C:\Users\Seth\Documents\Altium Projects\Hydrophones DAQ\ADC.SchDoc with ADI-ADAR7251-CS-48-1 from Altium Content Vault
