Replace Part *1 THS4551IDGKT in C:\Users\Seth\Documents\Altium Projects\Hydrophones DAQ\Bandpass.SchDoc with THS4551IDGKT from DAQ.SchLib
Replace Part *2 THS4551IDGKT in C:\Users\Seth\Documents\Altium Projects\Hydrophones DAQ\Bandpass.SchDoc with THS4551IDGKT from DAQ.SchLib
Replace Part C6 VJ0603Y104JXJCW1BC in C:\Users\Seth\Documents\Altium Projects\Hydrophones DAQ\Bandpass.SchDoc with VJ0603Y104JXJCW1BC from DAQ.SchLib
Replace Part C7 VJ0603Y104JXJCW1BC in C:\Users\Seth\Documents\Altium Projects\Hydrophones DAQ\Bandpass.SchDoc with VJ0603Y104JXJCW1BC from DAQ.SchLib
Replace Part C8 VJ0603Y104JXJCW1BC in C:\Users\Seth\Documents\Altium Projects\Hydrophones DAQ\Bandpass.SchDoc with VJ0603Y104JXJCW1BC from DAQ.SchLib
Replace Part C9 VJ0603Y104JXJCW1BC in C:\Users\Seth\Documents\Altium Projects\Hydrophones DAQ\Bandpass.SchDoc with VJ0603Y104JXJCW1BC from DAQ.SchLib
Replace Part C10 VJ0603Y224KXJCW1BC in C:\Users\Seth\Documents\Altium Projects\Hydrophones DAQ\Bandpass.SchDoc with VJ0603Y224KXJCW1BC from DAQ.SchLib
Replace Part C11 VJ0603Y224KXJCW1BC in C:\Users\Seth\Documents\Altium Projects\Hydrophones DAQ\Bandpass.SchDoc with VJ0603Y224KXJCW1BC from DAQ.SchLib
Replace Part C12 VJ0603Y104JXJCW1BC in C:\Users\Seth\Documents\Altium Projects\Hydrophones DAQ\Bandpass.SchDoc with VJ0603Y104JXJCW1BC from DAQ.SchLib
Replace Part C13 VJ0603Y104JXJCW1BC in C:\Users\Seth\Documents\Altium Projects\Hydrophones DAQ\Bandpass.SchDoc with VJ0603Y104JXJCW1BC from DAQ.SchLib
Replace Part C14 VJ0603Y104JXJCW1BC in C:\Users\Seth\Documents\Altium Projects\Hydrophones DAQ\Bandpass.SchDoc with VJ0603Y104JXJCW1BC from DAQ.SchLib
Replace Part C15 VJ0603Y104JXJCW1BC in C:\Users\Seth\Documents\Altium Projects\Hydrophones DAQ\Bandpass.SchDoc with VJ0603Y104JXJCW1BC from DAQ.SchLib
Replace Part C16 VJ0603Y104JXJCW1BC in C:\Users\Seth\Documents\Altium Projects\Hydrophones DAQ\Bandpass.SchDoc with VJ0603Y104JXJCW1BC from DAQ.SchLib
Replace Part C17 VJ0603Y104JXJCW1BC in C:\Users\Seth\Documents\Altium Projects\Hydrophones DAQ\Bandpass.SchDoc with VJ0603Y104JXJCW1BC from DAQ.SchLib
Replace Part C18 VJ0603Y104JXJCW1BC in C:\Users\Seth\Documents\Altium Projects\Hydrophones DAQ\Bandpass.SchDoc with VJ0603Y104JXJCW1BC from DAQ.SchLib
Replace Part C19 VJ0603Y104JXJCW1BC in C:\Users\Seth\Documents\Altium Projects\Hydrophones DAQ\Bandpass.SchDoc with VJ0603Y104JXJCW1BC from DAQ.SchLib
Replace Part R5 ERA-3AEB2552V in C:\Users\Seth\Documents\Altium Projects\Hydrophones DAQ\Bandpass.SchDoc with ERA-3AEB2552V from DAQ.SchLib
Replace Part R6 TNPW060314K0BEEA in C:\Users\Seth\Documents\Altium Projects\Hydrophones DAQ\Bandpass.SchDoc with TNPW060314K0BEEA from DAQ.SchLib
Replace Part R7 TNPW06038K66BEEA in C:\Users\Seth\Documents\Altium Projects\Hydrophones DAQ\Bandpass.SchDoc with TNPW06038K66BEEA from DAQ.SchLib
Replace Part R8 TNPW06034K75BEEA in C:\Users\Seth\Documents\Altium Projects\Hydrophones DAQ\Bandpass.SchDoc with TNPW06034K75BEEA from DAQ.SchLib
Replace Part R9 TNPW06032K67BEEA in C:\Users\Seth\Documents\Altium Projects\Hydrophones DAQ\Bandpass.SchDoc with TNPW06032K67BEEA from DAQ.SchLib
Replace Part R10 TNPW06031K43BEEA in C:\Users\Seth\Documents\Altium Projects\Hydrophones DAQ\Bandpass.SchDoc with TNPW06031K43BEEA from DAQ.SchLib
Replace Part R11 TNPW06032K67BEEA in C:\Users\Seth\Documents\Altium Projects\Hydrophones DAQ\Bandpass.SchDoc with TNPW06032K67BEEA from DAQ.SchLib
Replace Part R12 TNPW06031K43BEEA in C:\Users\Seth\Documents\Altium Projects\Hydrophones DAQ\Bandpass.SchDoc with TNPW06031K43BEEA from DAQ.SchLib
Replace Part R13 TNPW06034K75BEEA in C:\Users\Seth\Documents\Altium Projects\Hydrophones DAQ\Bandpass.SchDoc with TNPW06034K75BEEA from DAQ.SchLib
Replace Part R14 TNPW06038K66BEEA in C:\Users\Seth\Documents\Altium Projects\Hydrophones DAQ\Bandpass.SchDoc with TNPW06038K66BEEA from DAQ.SchLib
Replace Part R15 ERA-3AEB2552V in C:\Users\Seth\Documents\Altium Projects\Hydrophones DAQ\Bandpass.SchDoc with ERA-3AEB2552V from DAQ.SchLib
Replace Part R16 TNPW060314K0BEEA in C:\Users\Seth\Documents\Altium Projects\Hydrophones DAQ\Bandpass.SchDoc with TNPW060314K0BEEA from DAQ.SchLib
